<?xml version="1.0" encoding="UTF-8"?>
<testsuite name="leetcode.TopKFrequentEleTest" tests="1" skipped="1" failures="0" errors="0" timestamp="2020-02-13T06:25:59" hostname="DESKTOP-J4GNLIC" time="200.511">
  <properties/>
  <testcase name="te" classname="leetcode.TopKFrequentEleTest" time="200.511">
    <skipped/>
  </testcase>
  <system-out><![CDATA[]]></system-out>
  <system-err><![CDATA[]]></system-err>
</testsuite>
