<?xml version="1.0" encoding="UTF-8"?>
<testsuite name="leetcode.InsertDeleteGetRandomAllowDuplicateTest" tests="1" skipped="0" failures="0" errors="0" timestamp="2020-02-12T13:30:04" hostname="DESKTOP-J4GNLIC" time="0.011">
  <properties/>
  <testcase name="test2" classname="leetcode.InsertDeleteGetRandomAllowDuplicateTest" time="0.011"/>
  <system-out><![CDATA[insert
================================
key: 1   Value: 0, 
================================


insert
================================
key: 1   Value: 0, 1, 
================================


insert
================================
key: 1   Value: 0, 1, 
key: 2   Value: 2, 
================================


insert
================================
key: 1   Value: 0, 1, 
key: 2   Value: 2, 3, 
================================


================================
key: 1   Value: 0, 1, 
key: 2   Value: 2, 3, 4, 
================================


remove
================================
key: 1   Value: 0, 
key: 2   Value: 1, 2, 3, 
================================


remove
================================
key: 2   Value: 0, 1, 2, 
================================


remove
================================
key: 2   Value: 0, 1, 
================================


remove
================================
key: 2   Value: 0, 1, 
================================


remove
================================
key: 2   Value: 0, 
================================


]]></system-out>
  <system-err><![CDATA[]]></system-err>
</testsuite>
