<?xml version="1.0" encoding="UTF-8"?>
<testsuite name="programmers.lv2.inmd.JaDenCaseTest" tests="1" skipped="0" failures="0" errors="0" timestamp="2020-01-23T19:40:25" hostname="DESKTOP-J4GNLIC" time="0.068">
  <properties/>
  <testcase name="asd" classname="programmers.lv2.inmd.JaDenCaseTest" time="0.068"/>
  <system-out><![CDATA[For Tas Lasdst Weask
For The Last Week 
]]></system-out>
  <system-err><![CDATA[]]></system-err>
</testsuite>
